2022-04-07 16:20:56 torch_task.py torch_task _init_summary_writer [line:624] [INFO] 初始化 Summary Writer，Writing summary into output/chinese_text_classification/TextCNNAT_free_02/tensorboard/20220407_162056
2022-04-07 16:20:56 environment.py environment _setup_torch_environment [line:58] [INFO] device cuda:0 n_gpu 2
2022-04-07 16:21:03 environment.py environment _reset_random_seed [line:21] [INFO] ====================Reset Random Seed to 1234====================
2022-04-07 16:21:03 dataset_torch.py dataset_torch _load_data [line:127] [INFO] content=中华女子学院：本科层次仅1专业招男生,label=3,seq_len=18,token_ids=[14, 125, 55, 45, 35, 307, 4, 81, 161, 941, 258, 494, 2, 175, 48, 145, 97, 17, 4761, 4761, 4761, 4761, 4761, 4761, 4761, 4761, 4761, 4761, 4761, 4761, 4761, 4761]
2022-04-07 16:21:03 dataset_torch.py dataset_torch _load_data [line:127] [INFO] content=两天价网站背后重重迷雾：做个网站究竟要多少钱,label=4,seq_len=22,token_ids=[135, 80, 33, 54, 505, 1032, 70, 95, 95, 681, 2288, 4, 486, 179, 54, 505, 626, 1156, 180, 115, 421, 561, 4761, 4761, 4761, 4761, 4761, 4761, 4761, 4761, 4761, 4761]
2022-04-07 16:21:03 dataset_torch.py dataset_torch _load_data [line:127] [INFO] content=东5环海棠公社230-290平2居准现房98折优惠,label=1,seq_len=25,token_ids=[152, 13, 469, 87, 2416, 36, 725, 3, 10, 1, 61, 3, 16, 1, 57, 3, 99, 477, 67, 58, 16, 24, 280, 453, 558, 4761, 4761, 4761, 4761, 4761, 4761, 4761]
2022-04-07 16:21:03 dataset_torch.py dataset_torch _load_data [line:127] [INFO] content=卡佩罗：告诉你德国脚生猛的原因 不希望英德战踢点球,label=7,seq_len=25,token_ids=[278, 1231, 344, 4, 304, 762, 589, 252, 6, 1206, 17, 1359, 52, 498, 282, 0, 25, 672, 358, 123, 252, 84, 1560, 101, 120, 4761, 4761, 4761, 4761, 4761, 4761, 4761]
2022-04-07 16:21:03 dataset_torch.py dataset_torch _load_data [line:127] [INFO] content=82岁老太为学生做饭扫地44年获授港大荣誉院士,label=5,seq_len=23,token_ids=[24, 3, 348, 187, 518, 73, 35, 17, 486, 1464, 1499, 63, 22, 22, 12, 199, 1353, 242, 5, 1157, 1568, 307, 324, 4761, 4761, 4761, 4761, 4761, 4761, 4761, 4761, 4761]
2022-04-07 16:21:06 dataset_torch.py dataset_torch _load_data [line:137] [INFO] 加载数据共180000 from corpus/THUCNews/data/train.txt
2022-04-07 16:21:06 dataset_torch.py dataset_torch _load_data [line:127] [INFO] content=体验2D巅峰 倚天屠龙记十大创新概览,label=8,seq_len=18,token_ids=[173, 714, 3, 186, 1844, 889, 0, 2641, 80, 2061, 416, 478, 382, 5, 308, 15, 1264, 1344, 4761, 4761, 4761, 4761, 4761, 4761, 4761, 4761, 4761, 4761, 4761, 4761, 4761, 4761]
2022-04-07 16:21:06 dataset_torch.py dataset_torch _load_data [line:127] [INFO] content=60年铁树开花形状似玉米芯(组图),label=5,seq_len=17,token_ids=[28, 1, 12, 567, 1371, 31, 365, 899, 846, 1300, 1095, 256, 1311, 8, 72, 7, 9, 4761, 4761, 4761, 4761, 4761, 4761, 4761, 4761, 4761, 4761, 4761, 4761, 4761, 4761, 4761]
2022-04-07 16:21:06 dataset_torch.py dataset_torch _load_data [line:127] [INFO] content=同步A股首秀：港股缩量回调,label=2,seq_len=13,token_ids=[285, 688, 119, 51, 83, 570, 4, 242, 51, 1082, 371, 146, 174, 4761, 4761, 4761, 4761, 4761, 4761, 4761, 4761, 4761, 4761, 4761, 4761, 4761, 4761, 4761, 4761, 4761, 4761, 4761]
2022-04-07 16:21:06 dataset_torch.py dataset_torch _load_data [line:127] [INFO] content=中青宝sg现场抓拍 兔子舞热辣表演,label=8,seq_len=17,token_ids=[14, 527, 435, 576, 1058, 67, 64, 1093, 443, 0, 2081, 45, 953, 193, 1715, 430, 301, 4761, 4761, 4761, 4761, 4761, 4761, 4761, 4761, 4761, 4761, 4761, 4761, 4761, 4761, 4761]
2022-04-07 16:21:06 dataset_torch.py dataset_torch _load_data [line:127] [INFO] content=锌价难续去年辉煌,label=0,seq_len=8,token_ids=[1902, 33, 290, 221, 630, 12, 1450, 2067, 4761, 4761, 4761, 4761, 4761, 4761, 4761, 4761, 4761, 4761, 4761, 4761, 4761, 4761, 4761, 4761, 4761, 4761, 4761, 4761, 4761, 4761, 4761, 4761]
2022-04-07 16:21:06 dataset_torch.py dataset_torch _load_data [line:137] [INFO] 加载数据共10000 from corpus/THUCNews/data/dev.txt
2022-04-07 16:21:06 dataset_torch.py dataset_torch _load_data [line:127] [INFO] content=词汇阅读是关键 08年考研暑期英语复习全指南,label=3,seq_len=22,token_ids=[1393, 686, 1350, 656, 110, 232, 1138, 0, 1, 24, 12, 26, 216, 1533, 56, 123, 434, 270, 742, 65, 112, 236, 4761, 4761, 4761, 4761, 4761, 4761, 4761, 4761, 4761, 4761]
2022-04-07 16:21:06 dataset_torch.py dataset_torch _load_data [line:127] [INFO] content=中国人民公安大学2012年硕士研究生目录及书目,label=3,seq_len=23,token_ids=[14, 6, 11, 156, 36, 211, 5, 35, 3, 1, 2, 3, 12, 830, 324, 216, 626, 17, 334, 291, 461, 659, 334, 4761, 4761, 4761, 4761, 4761, 4761, 4761, 4761, 4761]
2022-04-07 16:21:06 dataset_torch.py dataset_torch _load_data [line:127] [INFO] content=日本地震：金吉列关注在日学子系列报道,label=3,seq_len=18,token_ids=[29, 81, 63, 439, 4, 18, 963, 769, 232, 520, 53, 29, 35, 45, 399, 769, 100, 364, 4761, 4761, 4761, 4761, 4761, 4761, 4761, 4761, 4761, 4761, 4761, 4761, 4761, 4761]
2022-04-07 16:21:06 dataset_torch.py dataset_torch _load_data [line:127] [INFO] content=名师辅导：2012考研英语虚拟语气三种用法,label=3,seq_len=21,token_ids=[59, 298, 1856, 433, 4, 3, 1, 2, 3, 26, 216, 123, 434, 1402, 671, 434, 515, 60, 763, 158, 151, 4761, 4761, 4761, 4761, 4761, 4761, 4761, 4761, 4761, 4761, 4761]
2022-04-07 16:21:06 dataset_torch.py dataset_torch _load_data [line:127] [INFO] content=自考经验谈：自考生毕业论文选题技巧,label=3,seq_len=17,token_ids=[102, 26, 162, 714, 499, 4, 102, 26, 17, 1242, 48, 647, 133, 239, 303, 528, 1226, 4761, 4761, 4761, 4761, 4761, 4761, 4761, 4761, 4761, 4761, 4761, 4761, 4761, 4761, 4761]
2022-04-07 16:21:06 dataset_torch.py dataset_torch _load_data [line:137] [INFO] 加载数据共10000 from corpus/THUCNews/data/test.txt
2022-04-07 16:21:06 torch_task.py torch_task _prepare_data_loader [line:415] [INFO] 生成 train dataloader
2022-04-07 16:21:06 torch_task.py torch_task _prepare_data_loader [line:415] [INFO] 生成 dev dataloader
2022-04-07 16:21:06 torch_task.py torch_task _adversarial_train_on_epoch [line:1396] [INFO] 开始训练epoch=0,step=0,global_step=0
2022-04-07 16:21:07 torch_task.py torch_task _adversarial_train_on_epoch [line:1482] [INFO] epoch=0,step=0,global_step=0,total_loss=3.291861057281494,loss=1.591382622718811,adv_loss=1.7004785537719727,train_accuracy =0.875,dev_loss=2.429689407348633,dev_accuracy=0.3662,improve=*
2022-04-07 16:21:40 torch_task.py torch_task _adversarial_train_on_epoch [line:1396] [INFO] 开始训练epoch=0,step=100,global_step=100
2022-04-07 16:21:40 torch_task.py torch_task _adversarial_train_on_epoch [line:1482] [INFO] epoch=0,step=100,global_step=100,total_loss=1.344051718711853,loss=0.698143720626831,adv_loss=0.645907998085022,train_accuracy =0.9453125,dev_loss=0.977642834186554,dev_accuracy=0.8202,improve=*
2022-04-07 16:22:13 torch_task.py torch_task _adversarial_train_on_epoch [line:1396] [INFO] 开始训练epoch=0,step=200,global_step=200
2022-04-07 16:22:14 torch_task.py torch_task _adversarial_train_on_epoch [line:1482] [INFO] epoch=0,step=200,global_step=200,total_loss=0.6824612617492676,loss=0.34534788131713867,adv_loss=0.3371134102344513,train_accuracy =0.984375,dev_loss=0.8835722804069519,dev_accuracy=0.8391,improve=*
2022-04-07 16:22:47 torch_task.py torch_task _adversarial_train_on_epoch [line:1396] [INFO] 开始训练epoch=0,step=300,global_step=300
2022-04-07 16:22:47 torch_task.py torch_task _adversarial_train_on_epoch [line:1482] [INFO] epoch=0,step=300,global_step=300,total_loss=1.5170865058898926,loss=0.7505548000335693,adv_loss=0.766531765460968,train_accuracy =0.9375,dev_loss=1.1204642057418823,dev_accuracy=0.8116,improve=
2022-04-07 16:23:20 torch_task.py torch_task _adversarial_train_on_epoch [line:1396] [INFO] 开始训练epoch=0,step=400,global_step=400
2022-04-07 16:23:21 torch_task.py torch_task _adversarial_train_on_epoch [line:1482] [INFO] epoch=0,step=400,global_step=400,total_loss=2.4223227500915527,loss=1.062516450881958,adv_loss=1.3598061800003052,train_accuracy =0.890625,dev_loss=0.9067553877830505,dev_accuracy=0.8498,improve=
2022-04-07 16:23:53 torch_task.py torch_task _adversarial_train_on_epoch [line:1396] [INFO] 开始训练epoch=0,step=500,global_step=500
2022-04-07 16:23:54 torch_task.py torch_task _adversarial_train_on_epoch [line:1482] [INFO] epoch=0,step=500,global_step=500,total_loss=0.8423399925231934,loss=0.4239814579486847,adv_loss=0.4183585047721863,train_accuracy =0.9609375,dev_loss=0.9320675134658813,dev_accuracy=0.8455,improve=
2022-04-07 16:24:27 torch_task.py torch_task _adversarial_train_on_epoch [line:1396] [INFO] 开始训练epoch=0,step=600,global_step=600
2022-04-07 16:24:27 torch_task.py torch_task _adversarial_train_on_epoch [line:1482] [INFO] epoch=0,step=600,global_step=600,total_loss=1.0046769380569458,loss=0.4585234522819519,adv_loss=0.5461534857749939,train_accuracy =0.9609375,dev_loss=0.8541704416275024,dev_accuracy=0.8509,improve=*
2022-04-07 16:25:00 torch_task.py torch_task _adversarial_train_on_epoch [line:1396] [INFO] 开始训练epoch=0,step=700,global_step=700
2022-04-07 16:25:01 torch_task.py torch_task _adversarial_train_on_epoch [line:1482] [INFO] epoch=0,step=700,global_step=700,total_loss=0.8221877813339233,loss=0.43955495953559875,adv_loss=0.3826327919960022,train_accuracy =0.9765625,dev_loss=0.806280255317688,dev_accuracy=0.8548,improve=*
2022-04-07 16:25:34 torch_task.py torch_task _adversarial_train_on_epoch [line:1396] [INFO] 开始训练epoch=0,step=800,global_step=800
2022-04-07 16:25:34 torch_task.py torch_task _adversarial_train_on_epoch [line:1482] [INFO] epoch=0,step=800,global_step=800,total_loss=1.3235665559768677,loss=0.6186714768409729,adv_loss=0.7048950791358948,train_accuracy =0.9609375,dev_loss=0.8690893650054932,dev_accuracy=0.8493,improve=
2022-04-07 16:26:07 torch_task.py torch_task _adversarial_train_on_epoch [line:1396] [INFO] 开始训练epoch=0,step=900,global_step=900
2022-04-07 16:26:08 torch_task.py torch_task _adversarial_train_on_epoch [line:1482] [INFO] epoch=0,step=900,global_step=900,total_loss=1.038501262664795,loss=0.5726682543754578,adv_loss=0.46583300828933716,train_accuracy =0.953125,dev_loss=0.7869418859481812,dev_accuracy=0.8607,improve=*
2022-04-07 16:26:40 torch_task.py torch_task _adversarial_train_on_epoch [line:1396] [INFO] 开始训练epoch=0,step=1000,global_step=1000
2022-04-07 16:26:41 torch_task.py torch_task _adversarial_train_on_epoch [line:1482] [INFO] epoch=0,step=1000,global_step=1000,total_loss=0.8724114894866943,loss=0.4755493104457855,adv_loss=0.3968622088432312,train_accuracy =0.984375,dev_loss=0.7565561532974243,dev_accuracy=0.8674,improve=*
2022-04-07 16:27:14 torch_task.py torch_task _adversarial_train_on_epoch [line:1396] [INFO] 开始训练epoch=0,step=1100,global_step=1100
2022-04-07 16:27:14 torch_task.py torch_task _adversarial_train_on_epoch [line:1482] [INFO] epoch=0,step=1100,global_step=1100,total_loss=0.7844691872596741,loss=0.409183144569397,adv_loss=0.3752860426902771,train_accuracy =0.9453125,dev_loss=0.710238516330719,dev_accuracy=0.8657,improve=*
2022-04-07 16:27:47 torch_task.py torch_task _adversarial_train_on_epoch [line:1396] [INFO] 开始训练epoch=0,step=1200,global_step=1200
2022-04-07 16:27:48 torch_task.py torch_task _adversarial_train_on_epoch [line:1482] [INFO] epoch=0,step=1200,global_step=1200,total_loss=1.1092597246170044,loss=0.5214124917984009,adv_loss=0.5878472328186035,train_accuracy =0.9609375,dev_loss=0.7355421781539917,dev_accuracy=0.864,improve=
2022-04-07 16:28:21 torch_task.py torch_task _adversarial_train_on_epoch [line:1396] [INFO] 开始训练epoch=0,step=1300,global_step=1300
2022-04-07 16:28:22 torch_task.py torch_task _adversarial_train_on_epoch [line:1482] [INFO] epoch=0,step=1300,global_step=1300,total_loss=0.6576839685440063,loss=0.3519536554813385,adv_loss=0.30573028326034546,train_accuracy =0.953125,dev_loss=0.6938837170600891,dev_accuracy=0.8686,improve=*
2022-04-07 16:28:54 torch_task.py torch_task _adversarial_train_on_epoch [line:1396] [INFO] 开始训练epoch=0,step=1400,global_step=1400
2022-04-07 16:28:55 torch_task.py torch_task _adversarial_train_on_epoch [line:1482] [INFO] epoch=0,step=1400,global_step=1400,total_loss=0.8741648197174072,loss=0.4024898111820221,adv_loss=0.4716750383377075,train_accuracy =0.9609375,dev_loss=0.6508113741874695,dev_accuracy=0.8692,improve=*
2022-04-07 16:29:28 torch_task.py torch_task _adversarial_train_on_epoch [line:1396] [INFO] 开始训练epoch=1,step=93,global_step=1500
2022-04-07 16:29:28 torch_task.py torch_task _adversarial_train_on_epoch [line:1482] [INFO] epoch=1,step=93,global_step=1500,total_loss=0.4509907364845276,loss=0.31819188594818115,adv_loss=0.13279883563518524,train_accuracy =0.9921875,dev_loss=0.6778035759925842,dev_accuracy=0.8698,improve=
2022-04-07 16:30:01 torch_task.py torch_task _adversarial_train_on_epoch [line:1396] [INFO] 开始训练epoch=1,step=193,global_step=1600
2022-04-07 16:30:02 torch_task.py torch_task _adversarial_train_on_epoch [line:1482] [INFO] epoch=1,step=193,global_step=1600,total_loss=0.389559805393219,loss=0.1897725909948349,adv_loss=0.1997871994972229,train_accuracy =0.984375,dev_loss=0.6934993863105774,dev_accuracy=0.8752,improve=
2022-04-07 16:30:35 torch_task.py torch_task _adversarial_train_on_epoch [line:1396] [INFO] 开始训练epoch=1,step=293,global_step=1700
2022-04-07 16:30:35 torch_task.py torch_task _adversarial_train_on_epoch [line:1482] [INFO] epoch=1,step=293,global_step=1700,total_loss=0.5367177128791809,loss=0.2212553322315216,adv_loss=0.3154623806476593,train_accuracy =0.9765625,dev_loss=0.6892935633659363,dev_accuracy=0.8772,improve=
2022-04-07 16:31:08 torch_task.py torch_task _adversarial_train_on_epoch [line:1396] [INFO] 开始训练epoch=1,step=393,global_step=1800
2022-04-07 16:31:09 torch_task.py torch_task _adversarial_train_on_epoch [line:1482] [INFO] epoch=1,step=393,global_step=1800,total_loss=0.7372766733169556,loss=0.382568895816803,adv_loss=0.3547077476978302,train_accuracy =0.9609375,dev_loss=0.6823487281799316,dev_accuracy=0.8774,improve=
2022-04-07 16:31:42 torch_task.py torch_task _adversarial_train_on_epoch [line:1396] [INFO] 开始训练epoch=1,step=493,global_step=1900
2022-04-07 16:31:42 torch_task.py torch_task _adversarial_train_on_epoch [line:1482] [INFO] epoch=1,step=493,global_step=1900,total_loss=0.6433699131011963,loss=0.340039998292923,adv_loss=0.3033299446105957,train_accuracy =0.984375,dev_loss=0.6503764986991882,dev_accuracy=0.8775,improve=*
2022-04-07 16:32:15 torch_task.py torch_task _adversarial_train_on_epoch [line:1396] [INFO] 开始训练epoch=1,step=593,global_step=2000
2022-04-07 16:32:16 torch_task.py torch_task _adversarial_train_on_epoch [line:1482] [INFO] epoch=1,step=593,global_step=2000,total_loss=0.6560148000717163,loss=0.367946594953537,adv_loss=0.2880682051181793,train_accuracy =0.9765625,dev_loss=0.614763617515564,dev_accuracy=0.8829,improve=*
2022-04-07 16:32:49 torch_task.py torch_task _adversarial_train_on_epoch [line:1396] [INFO] 开始训练epoch=1,step=693,global_step=2100
2022-04-07 16:32:49 torch_task.py torch_task _adversarial_train_on_epoch [line:1482] [INFO] epoch=1,step=693,global_step=2100,total_loss=0.5747431516647339,loss=0.30074384808540344,adv_loss=0.27399927377700806,train_accuracy =0.9609375,dev_loss=0.6367728114128113,dev_accuracy=0.8681,improve=
2022-04-07 16:33:22 torch_task.py torch_task _adversarial_train_on_epoch [line:1396] [INFO] 开始训练epoch=1,step=793,global_step=2200
2022-04-07 16:33:23 torch_task.py torch_task _adversarial_train_on_epoch [line:1482] [INFO] epoch=1,step=793,global_step=2200,total_loss=1.1170809268951416,loss=0.591712236404419,adv_loss=0.5253686308860779,train_accuracy =0.9609375,dev_loss=0.5719624161720276,dev_accuracy=0.8771,improve=*
2022-04-07 16:33:56 torch_task.py torch_task _adversarial_train_on_epoch [line:1396] [INFO] 开始训练epoch=1,step=893,global_step=2300
2022-04-07 16:33:56 torch_task.py torch_task _adversarial_train_on_epoch [line:1482] [INFO] epoch=1,step=893,global_step=2300,total_loss=1.009528636932373,loss=0.47763490676879883,adv_loss=0.5318936705589294,train_accuracy =0.9453125,dev_loss=0.5985463261604309,dev_accuracy=0.8803,improve=
2022-04-07 16:34:29 torch_task.py torch_task _adversarial_train_on_epoch [line:1396] [INFO] 开始训练epoch=1,step=993,global_step=2400
2022-04-07 16:34:30 torch_task.py torch_task _adversarial_train_on_epoch [line:1482] [INFO] epoch=1,step=993,global_step=2400,total_loss=0.5254813432693481,loss=0.2311493456363678,adv_loss=0.29433202743530273,train_accuracy =0.9765625,dev_loss=0.5815642476081848,dev_accuracy=0.8722,improve=
2022-04-07 16:35:03 torch_task.py torch_task _adversarial_train_on_epoch [line:1396] [INFO] 开始训练epoch=1,step=1093,global_step=2500
2022-04-07 16:35:03 torch_task.py torch_task _adversarial_train_on_epoch [line:1482] [INFO] epoch=1,step=1093,global_step=2500,total_loss=0.8098337054252625,loss=0.43793925642967224,adv_loss=0.3718944489955902,train_accuracy =0.953125,dev_loss=0.539799690246582,dev_accuracy=0.8873,improve=*
2022-04-07 16:35:36 torch_task.py torch_task _adversarial_train_on_epoch [line:1396] [INFO] 开始训练epoch=1,step=1193,global_step=2600
2022-04-07 16:35:37 torch_task.py torch_task _adversarial_train_on_epoch [line:1482] [INFO] epoch=1,step=1193,global_step=2600,total_loss=0.4914126992225647,loss=0.25321680307388306,adv_loss=0.23819591104984283,train_accuracy =0.9921875,dev_loss=0.540405809879303,dev_accuracy=0.886,improve=
2022-04-07 16:36:10 torch_task.py torch_task _adversarial_train_on_epoch [line:1396] [INFO] 开始训练epoch=1,step=1293,global_step=2700
2022-04-07 16:36:10 torch_task.py torch_task _adversarial_train_on_epoch [line:1482] [INFO] epoch=1,step=1293,global_step=2700,total_loss=0.6475391983985901,loss=0.3052281439304352,adv_loss=0.3423110544681549,train_accuracy =0.96875,dev_loss=0.5154406428337097,dev_accuracy=0.8838,improve=*
2022-04-07 16:36:43 torch_task.py torch_task _adversarial_train_on_epoch [line:1396] [INFO] 开始训练epoch=1,step=1393,global_step=2800
2022-04-07 16:36:44 torch_task.py torch_task _adversarial_train_on_epoch [line:1482] [INFO] epoch=1,step=1393,global_step=2800,total_loss=1.0615794658660889,loss=0.5018505454063416,adv_loss=0.5597289800643921,train_accuracy =0.9453125,dev_loss=0.5195891857147217,dev_accuracy=0.8826,improve=
2022-04-07 16:37:17 torch_task.py torch_task _adversarial_train_on_epoch [line:1396] [INFO] 开始训练epoch=2,step=86,global_step=2900
2022-04-07 16:37:17 torch_task.py torch_task _adversarial_train_on_epoch [line:1482] [INFO] epoch=2,step=86,global_step=2900,total_loss=0.34036487340927124,loss=0.16044269502162933,adv_loss=0.1799221932888031,train_accuracy =1.0,dev_loss=0.544972836971283,dev_accuracy=0.8882,improve=
2022-04-07 16:37:50 torch_task.py torch_task _adversarial_train_on_epoch [line:1396] [INFO] 开始训练epoch=2,step=186,global_step=3000
2022-04-07 16:37:51 torch_task.py torch_task _adversarial_train_on_epoch [line:1482] [INFO] epoch=2,step=186,global_step=3000,total_loss=0.3743366599082947,loss=0.23781579732894897,adv_loss=0.1365208774805069,train_accuracy =0.9921875,dev_loss=0.5709397196769714,dev_accuracy=0.8838,improve=
2022-04-07 16:38:24 torch_task.py torch_task _adversarial_train_on_epoch [line:1396] [INFO] 开始训练epoch=2,step=286,global_step=3100
2022-04-07 16:38:24 torch_task.py torch_task _adversarial_train_on_epoch [line:1482] [INFO] epoch=2,step=286,global_step=3100,total_loss=0.6207443475723267,loss=0.27118661999702454,adv_loss=0.3495577573776245,train_accuracy =0.9453125,dev_loss=0.5585607290267944,dev_accuracy=0.8786,improve=
2022-04-07 16:38:57 torch_task.py torch_task _adversarial_train_on_epoch [line:1396] [INFO] 开始训练epoch=2,step=386,global_step=3200
2022-04-07 16:38:58 torch_task.py torch_task _adversarial_train_on_epoch [line:1482] [INFO] epoch=2,step=386,global_step=3200,total_loss=0.6667519807815552,loss=0.2630000114440918,adv_loss=0.4037519693374634,train_accuracy =0.9765625,dev_loss=0.5627862215042114,dev_accuracy=0.882,improve=
2022-04-07 16:39:30 torch_task.py torch_task _adversarial_train_on_epoch [line:1396] [INFO] 开始训练epoch=2,step=486,global_step=3300
2022-04-07 16:39:31 torch_task.py torch_task _adversarial_train_on_epoch [line:1482] [INFO] epoch=2,step=486,global_step=3300,total_loss=0.6089479923248291,loss=0.38558775186538696,adv_loss=0.22336021065711975,train_accuracy =0.9921875,dev_loss=0.5439579486846924,dev_accuracy=0.8829,improve=
2022-04-07 16:40:04 torch_task.py torch_task _adversarial_train_on_epoch [line:1396] [INFO] 开始训练epoch=2,step=586,global_step=3400
2022-04-07 16:40:04 torch_task.py torch_task _adversarial_train_on_epoch [line:1482] [INFO] epoch=2,step=586,global_step=3400,total_loss=0.617088794708252,loss=0.3744206726551056,adv_loss=0.24266813695430756,train_accuracy =0.9609375,dev_loss=0.5236110687255859,dev_accuracy=0.8822,improve=
2022-04-07 16:40:37 torch_task.py torch_task _adversarial_train_on_epoch [line:1396] [INFO] 开始训练epoch=2,step=686,global_step=3500
2022-04-07 16:40:38 torch_task.py torch_task _adversarial_train_on_epoch [line:1482] [INFO] epoch=2,step=686,global_step=3500,total_loss=0.8541167974472046,loss=0.42803719639778137,adv_loss=0.4260796010494232,train_accuracy =0.9375,dev_loss=0.5455230474472046,dev_accuracy=0.8804,improve=
2022-04-07 16:41:11 torch_task.py torch_task _adversarial_train_on_epoch [line:1396] [INFO] 开始训练epoch=2,step=786,global_step=3600
2022-04-07 16:41:12 torch_task.py torch_task _adversarial_train_on_epoch [line:1482] [INFO] epoch=2,step=786,global_step=3600,total_loss=0.7225846648216248,loss=0.28397268056869507,adv_loss=0.4386119842529297,train_accuracy =0.9765625,dev_loss=0.528868556022644,dev_accuracy=0.8841,improve=
2022-04-07 16:41:45 torch_task.py torch_task _adversarial_train_on_epoch [line:1396] [INFO] 开始训练epoch=2,step=886,global_step=3700
2022-04-07 16:41:45 torch_task.py torch_task _adversarial_train_on_epoch [line:1482] [INFO] epoch=2,step=886,global_step=3700,total_loss=0.5291103720664978,loss=0.1785360723733902,adv_loss=0.3505743145942688,train_accuracy =0.9765625,dev_loss=0.5335204601287842,dev_accuracy=0.8875,improve=
2022-04-07 16:42:18 torch_task.py torch_task _adversarial_train_on_epoch [line:1396] [INFO] 开始训练epoch=2,step=986,global_step=3800
2022-04-07 16:42:19 torch_task.py torch_task _adversarial_train_on_epoch [line:1482] [INFO] epoch=2,step=986,global_step=3800,total_loss=0.5047057867050171,loss=0.3133563697338104,adv_loss=0.19134941697120667,train_accuracy =0.9609375,dev_loss=0.5059958696365356,dev_accuracy=0.8886,improve=*
2022-04-07 16:42:52 torch_task.py torch_task _adversarial_train_on_epoch [line:1396] [INFO] 开始训练epoch=2,step=1086,global_step=3900
2022-04-07 16:42:52 torch_task.py torch_task _adversarial_train_on_epoch [line:1482] [INFO] epoch=2,step=1086,global_step=3900,total_loss=0.8961100578308105,loss=0.46323826909065247,adv_loss=0.4328717589378357,train_accuracy =0.9609375,dev_loss=0.5123071670532227,dev_accuracy=0.8846,improve=
2022-04-07 16:43:25 torch_task.py torch_task _adversarial_train_on_epoch [line:1396] [INFO] 开始训练epoch=2,step=1186,global_step=4000
2022-04-07 16:43:26 torch_task.py torch_task _adversarial_train_on_epoch [line:1482] [INFO] epoch=2,step=1186,global_step=4000,total_loss=0.5796723365783691,loss=0.25906816124916077,adv_loss=0.320604145526886,train_accuracy =0.9609375,dev_loss=0.5093525648117065,dev_accuracy=0.8856,improve=
2022-04-07 16:43:59 torch_task.py torch_task _adversarial_train_on_epoch [line:1396] [INFO] 开始训练epoch=2,step=1286,global_step=4100
2022-04-07 16:43:59 torch_task.py torch_task _adversarial_train_on_epoch [line:1482] [INFO] epoch=2,step=1286,global_step=4100,total_loss=1.0171775817871094,loss=0.39248207211494446,adv_loss=0.6246955394744873,train_accuracy =0.9375,dev_loss=0.47628581523895264,dev_accuracy=0.8854,improve=*
2022-04-07 16:44:32 torch_task.py torch_task _adversarial_train_on_epoch [line:1396] [INFO] 开始训练epoch=2,step=1386,global_step=4200
2022-04-07 16:44:33 torch_task.py torch_task _adversarial_train_on_epoch [line:1482] [INFO] epoch=2,step=1386,global_step=4200,total_loss=0.5331667065620422,loss=0.3313903212547302,adv_loss=0.201776385307312,train_accuracy =0.9765625,dev_loss=0.47136762738227844,dev_accuracy=0.8905,improve=*
2022-04-07 16:45:06 torch_task.py torch_task _adversarial_train_on_epoch [line:1396] [INFO] 开始训练epoch=3,step=79,global_step=4300
2022-04-07 16:45:06 torch_task.py torch_task _adversarial_train_on_epoch [line:1482] [INFO] epoch=3,step=79,global_step=4300,total_loss=0.43317911028862,loss=0.1821332573890686,adv_loss=0.2510458528995514,train_accuracy =0.9765625,dev_loss=0.49917399883270264,dev_accuracy=0.8915,improve=
2022-04-07 16:45:39 torch_task.py torch_task _adversarial_train_on_epoch [line:1396] [INFO] 开始训练epoch=3,step=179,global_step=4400
2022-04-07 16:45:40 torch_task.py torch_task _adversarial_train_on_epoch [line:1482] [INFO] epoch=3,step=179,global_step=4400,total_loss=0.3722698390483856,loss=0.2481190413236618,adv_loss=0.12415079027414322,train_accuracy =0.9921875,dev_loss=0.5065591931343079,dev_accuracy=0.8956,improve=
2022-04-07 16:46:13 torch_task.py torch_task _adversarial_train_on_epoch [line:1396] [INFO] 开始训练epoch=3,step=279,global_step=4500
2022-04-07 16:46:13 torch_task.py torch_task _adversarial_train_on_epoch [line:1482] [INFO] epoch=3,step=279,global_step=4500,total_loss=0.5750492811203003,loss=0.32910865545272827,adv_loss=0.24594059586524963,train_accuracy =0.9765625,dev_loss=0.5137377381324768,dev_accuracy=0.8904,improve=
2022-04-07 16:46:46 torch_task.py torch_task _adversarial_train_on_epoch [line:1396] [INFO] 开始训练epoch=3,step=379,global_step=4600
2022-04-07 16:46:46 torch_task.py torch_task _adversarial_train_on_epoch [line:1482] [INFO] epoch=3,step=379,global_step=4600,total_loss=0.41132164001464844,loss=0.1875222772359848,adv_loss=0.22379937767982483,train_accuracy =0.984375,dev_loss=0.5435119271278381,dev_accuracy=0.8876,improve=
2022-04-07 16:47:19 torch_task.py torch_task _adversarial_train_on_epoch [line:1396] [INFO] 开始训练epoch=3,step=479,global_step=4700
2022-04-07 16:47:20 torch_task.py torch_task _adversarial_train_on_epoch [line:1482] [INFO] epoch=3,step=479,global_step=4700,total_loss=0.29578697681427,loss=0.17193526029586792,adv_loss=0.1238517016172409,train_accuracy =0.984375,dev_loss=0.5391217470169067,dev_accuracy=0.8891,improve=
2022-04-07 16:47:53 torch_task.py torch_task _adversarial_train_on_epoch [line:1396] [INFO] 开始训练epoch=3,step=579,global_step=4800
2022-04-07 16:47:53 torch_task.py torch_task _adversarial_train_on_epoch [line:1482] [INFO] epoch=3,step=579,global_step=4800,total_loss=0.3151499629020691,loss=0.11333900690078735,adv_loss=0.20181095600128174,train_accuracy =0.984375,dev_loss=0.5142658948898315,dev_accuracy=0.8933,improve=
2022-04-07 16:48:26 torch_task.py torch_task _adversarial_train_on_epoch [line:1396] [INFO] 开始训练epoch=3,step=679,global_step=4900
2022-04-07 16:48:27 torch_task.py torch_task _adversarial_train_on_epoch [line:1482] [INFO] epoch=3,step=679,global_step=4900,total_loss=0.3537108302116394,loss=0.18290483951568604,adv_loss=0.17080599069595337,train_accuracy =0.984375,dev_loss=0.519058883190155,dev_accuracy=0.8914,improve=
2022-04-07 16:48:59 torch_task.py torch_task _adversarial_train_on_epoch [line:1396] [INFO] 开始训练epoch=3,step=779,global_step=5000
2022-04-07 16:49:00 torch_task.py torch_task _adversarial_train_on_epoch [line:1482] [INFO] epoch=3,step=779,global_step=5000,total_loss=0.7169036865234375,loss=0.4227927029132843,adv_loss=0.2941109836101532,train_accuracy =0.953125,dev_loss=0.5164119601249695,dev_accuracy=0.8869,improve=
2022-04-07 16:49:33 torch_task.py torch_task _adversarial_train_on_epoch [line:1396] [INFO] 开始训练epoch=3,step=879,global_step=5100
2022-04-07 16:49:33 torch_task.py torch_task _adversarial_train_on_epoch [line:1482] [INFO] epoch=3,step=879,global_step=5100,total_loss=0.44266238808631897,loss=0.21579350531101227,adv_loss=0.2268688827753067,train_accuracy =0.9765625,dev_loss=0.49837610125541687,dev_accuracy=0.8912,improve=
2022-04-07 16:50:06 torch_task.py torch_task _adversarial_train_on_epoch [line:1396] [INFO] 开始训练epoch=3,step=979,global_step=5200
2022-04-07 16:50:07 torch_task.py torch_task _adversarial_train_on_epoch [line:1482] [INFO] epoch=3,step=979,global_step=5200,total_loss=0.492902934551239,loss=0.18589647114276886,adv_loss=0.30700647830963135,train_accuracy =0.9921875,dev_loss=0.5105674862861633,dev_accuracy=0.8931,improve=
2022-04-07 16:50:40 torch_task.py torch_task _adversarial_train_on_epoch [line:1396] [INFO] 开始训练epoch=3,step=1079,global_step=5300
2022-04-07 16:50:40 torch_task.py torch_task _adversarial_train_on_epoch [line:1482] [INFO] epoch=3,step=1079,global_step=5300,total_loss=0.36028626561164856,loss=0.0889192521572113,adv_loss=0.27136701345443726,train_accuracy =0.984375,dev_loss=0.4987696409225464,dev_accuracy=0.8969,improve=
2022-04-07 16:51:13 torch_task.py torch_task _adversarial_train_on_epoch [line:1396] [INFO] 开始训练epoch=3,step=1179,global_step=5400
2022-04-07 16:51:14 torch_task.py torch_task _adversarial_train_on_epoch [line:1482] [INFO] epoch=3,step=1179,global_step=5400,total_loss=0.4635218381881714,loss=0.22846075892448425,adv_loss=0.23506109416484833,train_accuracy =0.9765625,dev_loss=0.5085993409156799,dev_accuracy=0.8925,improve=
2022-04-07 16:51:46 torch_task.py torch_task _adversarial_train_on_epoch [line:1396] [INFO] 开始训练epoch=3,step=1279,global_step=5500
2022-04-07 16:51:47 torch_task.py torch_task _adversarial_train_on_epoch [line:1482] [INFO] epoch=3,step=1279,global_step=5500,total_loss=0.39660683274269104,loss=0.17968982458114624,adv_loss=0.2169170081615448,train_accuracy =0.9921875,dev_loss=0.5028287768363953,dev_accuracy=0.891,improve=
2022-04-07 16:52:20 torch_task.py torch_task _adversarial_train_on_epoch [line:1396] [INFO] 开始训练epoch=3,step=1379,global_step=5600
2022-04-07 16:52:20 torch_task.py torch_task _adversarial_train_on_epoch [line:1482] [INFO] epoch=3,step=1379,global_step=5600,total_loss=0.6037458777427673,loss=0.24817030131816864,adv_loss=0.3555755913257599,train_accuracy =0.953125,dev_loss=0.4855496883392334,dev_accuracy=0.893,improve=
2022-04-07 16:52:53 torch_task.py torch_task _adversarial_train_on_epoch [line:1396] [INFO] 开始训练epoch=4,step=72,global_step=5700
2022-04-07 16:52:54 torch_task.py torch_task _adversarial_train_on_epoch [line:1482] [INFO] epoch=4,step=72,global_step=5700,total_loss=0.606916069984436,loss=0.27226224541664124,adv_loss=0.3346538245677948,train_accuracy =0.9765625,dev_loss=0.5190296769142151,dev_accuracy=0.8945,improve=
2022-04-07 16:53:27 torch_task.py torch_task _adversarial_train_on_epoch [line:1396] [INFO] 开始训练epoch=4,step=172,global_step=5800
2022-04-07 16:53:27 torch_task.py torch_task _adversarial_train_on_epoch [line:1482] [INFO] epoch=4,step=172,global_step=5800,total_loss=0.331869900226593,loss=0.2141568809747696,adv_loss=0.11771301925182343,train_accuracy =0.9921875,dev_loss=0.5138394236564636,dev_accuracy=0.892,improve=
2022-04-07 16:54:00 torch_task.py torch_task _adversarial_train_on_epoch [line:1396] [INFO] 开始训练epoch=4,step=272,global_step=5900
2022-04-07 16:54:01 torch_task.py torch_task _adversarial_train_on_epoch [line:1482] [INFO] epoch=4,step=272,global_step=5900,total_loss=0.354564905166626,loss=0.21178647875785828,adv_loss=0.1427784413099289,train_accuracy =0.984375,dev_loss=0.5229385495185852,dev_accuracy=0.8926,improve=
2022-04-07 16:54:34 torch_task.py torch_task _adversarial_train_on_epoch [line:1396] [INFO] 开始训练epoch=4,step=372,global_step=6000
2022-04-07 16:54:34 torch_task.py torch_task _adversarial_train_on_epoch [line:1482] [INFO] epoch=4,step=372,global_step=6000,total_loss=0.3194952607154846,loss=0.16914118826389313,adv_loss=0.1503540724515915,train_accuracy =0.9921875,dev_loss=0.5292930603027344,dev_accuracy=0.8926,improve=
2022-04-07 16:55:07 torch_task.py torch_task _adversarial_train_on_epoch [line:1396] [INFO] 开始训练epoch=4,step=472,global_step=6100
2022-04-07 16:55:08 torch_task.py torch_task _adversarial_train_on_epoch [line:1482] [INFO] epoch=4,step=472,global_step=6100,total_loss=0.2522837221622467,loss=0.14967554807662964,adv_loss=0.10260818153619766,train_accuracy =0.984375,dev_loss=0.5258806347846985,dev_accuracy=0.8954,improve=
2022-04-07 16:55:40 torch_task.py torch_task _adversarial_train_on_epoch [line:1396] [INFO] 开始训练epoch=4,step=572,global_step=6200
2022-04-07 16:55:41 torch_task.py torch_task _adversarial_train_on_epoch [line:1482] [INFO] epoch=4,step=572,global_step=6200,total_loss=0.428223192691803,loss=0.26521536707878113,adv_loss=0.16300782561302185,train_accuracy =0.9921875,dev_loss=0.5364851951599121,dev_accuracy=0.8945,improve=
2022-04-07 16:56:14 torch_task.py torch_task _adversarial_train_on_epoch [line:1396] [INFO] 开始训练epoch=4,step=672,global_step=6300
2022-04-07 16:56:14 torch_task.py torch_task _adversarial_train_on_epoch [line:1482] [INFO] epoch=4,step=672,global_step=6300,total_loss=0.782728910446167,loss=0.45142224431037903,adv_loss=0.33130666613578796,train_accuracy =0.9765625,dev_loss=0.5093865394592285,dev_accuracy=0.8964,improve=
2022-04-07 16:56:47 torch_task.py torch_task _adversarial_train_on_epoch [line:1396] [INFO] 开始训练epoch=4,step=772,global_step=6400
2022-04-07 16:56:48 torch_task.py torch_task _adversarial_train_on_epoch [line:1482] [INFO] epoch=4,step=772,global_step=6400,total_loss=0.3667507767677307,loss=0.1824611872434616,adv_loss=0.1842896044254303,train_accuracy =0.9921875,dev_loss=0.5142049193382263,dev_accuracy=0.8919,improve=
2022-04-07 16:57:21 torch_task.py torch_task _adversarial_train_on_epoch [line:1396] [INFO] 开始训练epoch=4,step=872,global_step=6500
2022-04-07 16:57:21 torch_task.py torch_task _adversarial_train_on_epoch [line:1482] [INFO] epoch=4,step=872,global_step=6500,total_loss=0.5667939782142639,loss=0.2512313723564148,adv_loss=0.3155626058578491,train_accuracy =0.9765625,dev_loss=0.5191293954849243,dev_accuracy=0.8951,improve=
2022-04-07 16:57:54 torch_task.py torch_task _adversarial_train_on_epoch [line:1396] [INFO] 开始训练epoch=4,step=972,global_step=6600
2022-04-07 16:57:55 torch_task.py torch_task _adversarial_train_on_epoch [line:1482] [INFO] epoch=4,step=972,global_step=6600,total_loss=0.6085716485977173,loss=0.3051232099533081,adv_loss=0.3034484386444092,train_accuracy =0.9765625,dev_loss=0.5139805674552917,dev_accuracy=0.8955,improve=
2022-04-07 16:58:28 torch_task.py torch_task _adversarial_train_on_epoch [line:1396] [INFO] 开始训练epoch=4,step=1072,global_step=6700
2022-04-07 16:58:28 torch_task.py torch_task _adversarial_train_on_epoch [line:1482] [INFO] epoch=4,step=1072,global_step=6700,total_loss=0.870421290397644,loss=0.3732253313064575,adv_loss=0.4971959590911865,train_accuracy =0.9453125,dev_loss=0.49637261033058167,dev_accuracy=0.8948,improve=
2022-04-07 16:59:01 torch_task.py torch_task _adversarial_train_on_epoch [line:1396] [INFO] 开始训练epoch=4,step=1172,global_step=6800
2022-04-07 16:59:02 torch_task.py torch_task _adversarial_train_on_epoch [line:1482] [INFO] epoch=4,step=1172,global_step=6800,total_loss=0.48642832040786743,loss=0.2551088333129883,adv_loss=0.23131947219371796,train_accuracy =0.984375,dev_loss=0.48189952969551086,dev_accuracy=0.8925,improve=
2022-04-07 16:59:35 torch_task.py torch_task _adversarial_train_on_epoch [line:1396] [INFO] 开始训练epoch=4,step=1272,global_step=6900
2022-04-07 16:59:35 torch_task.py torch_task _adversarial_train_on_epoch [line:1482] [INFO] epoch=4,step=1272,global_step=6900,total_loss=0.37115657329559326,loss=0.17540110647678375,adv_loss=0.19575545191764832,train_accuracy =0.984375,dev_loss=0.4823598861694336,dev_accuracy=0.8958,improve=
2022-04-07 17:00:08 torch_task.py torch_task _adversarial_train_on_epoch [line:1396] [INFO] 开始训练epoch=4,step=1372,global_step=7000
2022-04-07 17:00:09 torch_task.py torch_task _adversarial_train_on_epoch [line:1482] [INFO] epoch=4,step=1372,global_step=7000,total_loss=0.5490596890449524,loss=0.28398314118385315,adv_loss=0.26507654786109924,train_accuracy =0.9765625,dev_loss=0.4724820852279663,dev_accuracy=0.895,improve=
2022-04-07 17:00:41 torch_task.py torch_task _adversarial_train_on_epoch [line:1396] [INFO] 开始训练epoch=5,step=65,global_step=7100
2022-04-07 17:00:42 torch_task.py torch_task _adversarial_train_on_epoch [line:1482] [INFO] epoch=5,step=65,global_step=7100,total_loss=0.345519483089447,loss=0.19805483520030975,adv_loss=0.14746466279029846,train_accuracy =0.9765625,dev_loss=0.48596253991127014,dev_accuracy=0.8992,improve=
2022-04-07 17:01:15 torch_task.py torch_task _adversarial_train_on_epoch [line:1396] [INFO] 开始训练epoch=5,step=165,global_step=7200
2022-04-07 17:01:15 torch_task.py torch_task _adversarial_train_on_epoch [line:1482] [INFO] epoch=5,step=165,global_step=7200,total_loss=0.263584166765213,loss=0.1789097785949707,adv_loss=0.0846743956208229,train_accuracy =0.9765625,dev_loss=0.5303707122802734,dev_accuracy=0.8989,improve=
2022-04-07 17:01:48 torch_task.py torch_task _adversarial_train_on_epoch [line:1396] [INFO] 开始训练epoch=5,step=265,global_step=7300
2022-04-07 17:01:49 torch_task.py torch_task _adversarial_train_on_epoch [line:1482] [INFO] epoch=5,step=265,global_step=7300,total_loss=0.2507426142692566,loss=0.14982055127620697,adv_loss=0.10092205554246902,train_accuracy =1.0,dev_loss=0.5402040481567383,dev_accuracy=0.8939,improve=
2022-04-07 17:02:22 torch_task.py torch_task _adversarial_train_on_epoch [line:1396] [INFO] 开始训练epoch=5,step=365,global_step=7400
2022-04-07 17:02:22 torch_task.py torch_task _adversarial_train_on_epoch [line:1482] [INFO] epoch=5,step=365,global_step=7400,total_loss=0.3908367156982422,loss=0.2621251940727234,adv_loss=0.1287115216255188,train_accuracy =0.96875,dev_loss=0.5296509265899658,dev_accuracy=0.9004,improve=
2022-04-07 17:02:55 torch_task.py torch_task _adversarial_train_on_epoch [line:1396] [INFO] 开始训练epoch=5,step=465,global_step=7500
2022-04-07 17:02:56 torch_task.py torch_task _adversarial_train_on_epoch [line:1482] [INFO] epoch=5,step=465,global_step=7500,total_loss=0.2568036913871765,loss=0.1951168328523636,adv_loss=0.06168687343597412,train_accuracy =1.0,dev_loss=0.5327516794204712,dev_accuracy=0.8928,improve=
2022-04-07 17:03:28 torch_task.py torch_task _adversarial_train_on_epoch [line:1396] [INFO] 开始训练epoch=5,step=565,global_step=7600
2022-04-07 17:03:29 torch_task.py torch_task _adversarial_train_on_epoch [line:1482] [INFO] epoch=5,step=565,global_step=7600,total_loss=0.5703252553939819,loss=0.33852189779281616,adv_loss=0.23180334270000458,train_accuracy =0.9765625,dev_loss=0.5211472511291504,dev_accuracy=0.9,improve=
2022-04-07 17:04:02 torch_task.py torch_task _adversarial_train_on_epoch [line:1396] [INFO] 开始训练epoch=5,step=665,global_step=7700
2022-04-07 17:04:02 torch_task.py torch_task _adversarial_train_on_epoch [line:1482] [INFO] epoch=5,step=665,global_step=7700,total_loss=0.5139416456222534,loss=0.25168469548225403,adv_loss=0.2622569799423218,train_accuracy =0.953125,dev_loss=0.5263890027999878,dev_accuracy=0.8933,improve=
2022-04-07 17:04:35 torch_task.py torch_task _adversarial_train_on_epoch [line:1396] [INFO] 开始训练epoch=5,step=765,global_step=7800
2022-04-07 17:04:36 torch_task.py torch_task _adversarial_train_on_epoch [line:1482] [INFO] epoch=5,step=765,global_step=7800,total_loss=0.39663317799568176,loss=0.13077101111412048,adv_loss=0.2658621668815613,train_accuracy =1.0,dev_loss=0.5048866868019104,dev_accuracy=0.8967,improve=
2022-04-07 17:05:09 torch_task.py torch_task _adversarial_train_on_epoch [line:1396] [INFO] 开始训练epoch=5,step=865,global_step=7900
2022-04-07 17:05:09 torch_task.py torch_task _adversarial_train_on_epoch [line:1482] [INFO] epoch=5,step=865,global_step=7900,total_loss=0.7761951684951782,loss=0.3077682554721832,adv_loss=0.468426913022995,train_accuracy =0.96875,dev_loss=0.522068202495575,dev_accuracy=0.8941,improve=
2022-04-07 17:05:42 torch_task.py torch_task _adversarial_train_on_epoch [line:1396] [INFO] 开始训练epoch=5,step=965,global_step=8000
2022-04-07 17:05:43 torch_task.py torch_task _adversarial_train_on_epoch [line:1482] [INFO] epoch=5,step=965,global_step=8000,total_loss=0.38326171040534973,loss=0.1943252831697464,adv_loss=0.18893642723560333,train_accuracy =1.0,dev_loss=0.5243231058120728,dev_accuracy=0.8937,improve=
2022-04-07 17:06:16 torch_task.py torch_task _adversarial_train_on_epoch [line:1396] [INFO] 开始训练epoch=5,step=1065,global_step=8100
2022-04-07 17:06:16 torch_task.py torch_task _adversarial_train_on_epoch [line:1482] [INFO] epoch=5,step=1065,global_step=8100,total_loss=0.4497097134590149,loss=0.17558425664901733,adv_loss=0.27412545680999756,train_accuracy =0.9609375,dev_loss=0.5232836604118347,dev_accuracy=0.8956,improve=
